<?xml version="1.0" encoding="UTF-8"?>
<!-- Generated by org.testng.reporters.JUnitXMLReporter -->
<testsuite hostname="DESKTOP-PL9F872" ignored="0" name="Test" tests="3" failures="0" timestamp="06 May 2019 17:44:50 GMT" time="138.544" errors="0">
  <testcase name="testValidLogin" time="7.52" classname="scripts.TestValidLogin"/>
  <testcase name="testValidHomePage" time="9.434" classname="scripts.ValidHomePage"/>
  <testcase name="testInvalidLogin" time="32.977" classname="scripts.InvalidLogin"/>
</testsuite> <!-- Test -->
