<?xml version="1.0" encoding="UTF-8"?>
<!-- Generated by org.testng.reporters.JUnitXMLReporter -->
<testsuite hostname="DESKTOP-PL9F872" ignored="0" name="TestInIEBrowser" tests="1" failures="1" timestamp="23 Apr 2019 07:34:29 GMT" time="0.082" errors="0">
  <testcase name="runInMultipleBrowser" time="0.022" classname="testNg.CrossBrowserCompitability">
    <failure type="java.lang.NullPointerException">
      <![CDATA[java.lang.NullPointerException
	at testNg.CrossBrowserCompitability.runInMultipleBrowser(CrossBrowserCompitability.java:33)
	at java.util.concurrent.FutureTask.run(Unknown Source)
	at java.util.concurrent.ThreadPoolExecutor.runWorker(Unknown Source)
	at java.util.concurrent.ThreadPoolExecutor$Worker.run(Unknown Source)
	at java.lang.Thread.run(Unknown Source)
... Removed 16 stack frames]]>
    </failure>
  </testcase> <!-- runInMultipleBrowser -->
</testsuite> <!-- TestInIEBrowser -->
