<?xml version="1.0" encoding="UTF-8"?>
<!-- Generated by org.testng.reporters.JUnitXMLReporter -->
<testsuite hostname="DESKTOP-PL9F872" ignored="0" name="TestCrossBrowserCompitabilityDemo" tests="1" failures="1" timestamp="22 Apr 2019 11:48:58 GMT" time="0.056" errors="0">
  <testcase name="runInMultipleBrowsers" time="0.032" classname="selenium.CrossBrowserCompitabilityDemo">
    <failure type="java.lang.NullPointerException">
      <![CDATA[java.lang.NullPointerException
	at selenium.CrossBrowserCompitabilityDemo.runInMultipleBrowsers(CrossBrowserCompitabilityDemo.java:19)
... Removed 25 stack frames]]>
    </failure>
  </testcase> <!-- runInMultipleBrowsers -->
</testsuite> <!-- TestCrossBrowserCompitabilityDemo -->
