<?xml version="1.0" encoding="UTF-8"?>
<testng-results skipped="0" failed="0" ignored="0" total="1" passed="1">
  <reporter-output>
  </reporter-output>
  <suite name="Default suite" duration-ms="47982" started-at="2019-09-04T09:34:14Z" finished-at="2019-09-04T09:35:02Z">
    <groups>
    </groups>
    <test name="Default test" duration-ms="47982" started-at="2019-09-04T09:34:14Z" finished-at="2019-09-04T09:35:02Z">
      <class name="scripts.TestValidLogin">
        <test-method status="PASS" signature="openApplication()[pri:0, instance:scripts.TestValidLogin@4cf777e8]" name="openApplication" is-config="true" duration-ms="22405" started-at="2019-09-04T15:04:14Z" finished-at="2019-09-04T15:04:36Z">
          <reporter-output>
          </reporter-output>
        </test-method> <!-- openApplication -->
        <test-method status="PASS" signature="testValidLogin()[pri:0, instance:scripts.TestValidLogin@4cf777e8]" name="testValidLogin" duration-ms="23015" started-at="2019-09-04T15:04:36Z" finished-at="2019-09-04T15:04:59Z">
          <reporter-output>
          </reporter-output>
        </test-method> <!-- testValidLogin -->
        <test-method status="PASS" signature="closeApplication(org.testng.ITestResult)[pri:0, instance:scripts.TestValidLogin@4cf777e8]" name="closeApplication" is-config="true" duration-ms="2500" started-at="2019-09-04T15:04:59Z" finished-at="2019-09-04T15:05:02Z">
          <params>
            <param index="0">
              <value>
                <![CDATA[[TestResult name=testValidLogin status=SUCCESS method=TestValidLogin.testValidLogin()[pri:0, instance:scripts.TestValidLogin@4cf777e8] output={null}]]]>
              </value>
            </param>
          </params>
          <reporter-output>
          </reporter-output>
        </test-method> <!-- closeApplication -->
      </class> <!-- scripts.TestValidLogin -->
    </test> <!-- Default test -->
  </suite> <!-- Default suite -->
</testng-results>
